<?xml version="1.0" encoding="UTF-8"?>
<testsuite xmlns:xsi="http://www.w3.org/2001/XMLSchema-instance" xsi:noNamespaceSchemaLocation="https://maven.apache.org/surefire/maven-surefire-plugin/xsd/surefire-test-report.xsd" name="io.renren.RenrenApplicationTests" time="4.453" tests="1" errors="0" skipped="0" failures="0">
  <properties>
    <property name="sun.desktop" value="windows"/>
    <property name="awt.toolkit" value="sun.awt.windows.WToolkit"/>
    <property name="java.specification.version" value="11"/>
    <property name="sun.cpu.isalist" value="amd64"/>
    <property name="sun.jnu.encoding" value="GBK"/>
    <property name="java.class.path" value="C:\Users\21176\Desktop\living-project\wjw-living\renren-generator\target\test-classes;C:\Users\21176\Desktop\living-project\wjw-living\renren-generator\target\classes;E:\software\apache-maven-3.6.3\repository\org\springframework\boot\spring-boot-starter-test\2.1.8.RELEASE\spring-boot-starter-test-2.1.8.RELEASE.jar;E:\software\apache-maven-3.6.3\repository\org\springframework\boot\spring-boot-starter\2.1.8.RELEASE\spring-boot-starter-2.1.8.RELEASE.jar;E:\software\apache-maven-3.6.3\repository\org\springframework\boot\spring-boot\2.1.8.RELEASE\spring-boot-2.1.8.RELEASE.jar;E:\software\apache-maven-3.6.3\repository\org\springframework\boot\spring-boot-starter-logging\2.1.8.RELEASE\spring-boot-starter-logging-2.1.8.RELEASE.jar;E:\software\apache-maven-3.6.3\repository\ch\qos\logback\logback-classic\1.2.3\logback-classic-1.2.3.jar;E:\software\apache-maven-3.6.3\repository\ch\qos\logback\logback-core\1.2.3\logback-core-1.2.3.jar;E:\software\apache-maven-3.6.3\repository\org\apache\logging\log4j\log4j-to-slf4j\2.11.2\log4j-to-slf4j-2.11.2.jar;E:\software\apache-maven-3.6.3\repository\org\apache\logging\log4j\log4j-api\2.11.2\log4j-api-2.11.2.jar;E:\software\apache-maven-3.6.3\repository\org\slf4j\jul-to-slf4j\1.7.28\jul-to-slf4j-1.7.28.jar;E:\software\apache-maven-3.6.3\repository\javax\annotation\javax.annotation-api\1.3.2\javax.annotation-api-1.3.2.jar;E:\software\apache-maven-3.6.3\repository\org\yaml\snakeyaml\1.23\snakeyaml-1.23.jar;E:\software\apache-maven-3.6.3\repository\org\springframework\boot\spring-boot-test\2.1.8.RELEASE\spring-boot-test-2.1.8.RELEASE.jar;E:\software\apache-maven-3.6.3\repository\org\springframework\boot\spring-boot-test-autoconfigure\2.1.8.RELEASE\spring-boot-test-autoconfigure-2.1.8.RELEASE.jar;E:\software\apache-maven-3.6.3\repository\com\jayway\jsonpath\json-path\2.4.0\json-path-2.4.0.jar;E:\software\apache-maven-3.6.3\repository\net\minidev\json-smart\2.3\json-smart-2.3.jar;E:\software\apache-maven-3.6.3\repository\net\minidev\accessors-smart\1.2\accessors-smart-1.2.jar;E:\software\apache-maven-3.6.3\repository\org\ow2\asm\asm\5.0.4\asm-5.0.4.jar;E:\software\apache-maven-3.6.3\repository\org\slf4j\slf4j-api\1.7.28\slf4j-api-1.7.28.jar;E:\software\apache-maven-3.6.3\repository\junit\junit\4.12\junit-4.12.jar;E:\software\apache-maven-3.6.3\repository\org\assertj\assertj-core\3.11.1\assertj-core-3.11.1.jar;E:\software\apache-maven-3.6.3\repository\org\mockito\mockito-core\2.23.4\mockito-core-2.23.4.jar;E:\software\apache-maven-3.6.3\repository\net\bytebuddy\byte-buddy\1.9.16\byte-buddy-1.9.16.jar;E:\software\apache-maven-3.6.3\repository\net\bytebuddy\byte-buddy-agent\1.9.16\byte-buddy-agent-1.9.16.jar;E:\software\apache-maven-3.6.3\repository\org\objenesis\objenesis\2.6\objenesis-2.6.jar;E:\software\apache-maven-3.6.3\repository\org\hamcrest\hamcrest-core\1.3\hamcrest-core-1.3.jar;E:\software\apache-maven-3.6.3\repository\org\hamcrest\hamcrest-library\1.3\hamcrest-library-1.3.jar;E:\software\apache-maven-3.6.3\repository\org\skyscreamer\jsonassert\1.5.0\jsonassert-1.5.0.jar;E:\software\apache-maven-3.6.3\repository\com\vaadin\external\google\android-json\0.0.20131108.vaadin1\android-json-0.0.20131108.vaadin1.jar;E:\software\apache-maven-3.6.3\repository\org\springframework\spring-core\5.1.9.RELEASE\spring-core-5.1.9.RELEASE.jar;E:\software\apache-maven-3.6.3\repository\org\springframework\spring-jcl\5.1.9.RELEASE\spring-jcl-5.1.9.RELEASE.jar;E:\software\apache-maven-3.6.3\repository\org\springframework\spring-test\5.1.9.RELEASE\spring-test-5.1.9.RELEASE.jar;E:\software\apache-maven-3.6.3\repository\org\xmlunit\xmlunit-core\2.6.3\xmlunit-core-2.6.3.jar;E:\software\apache-maven-3.6.3\repository\javax\xml\bind\jaxb-api\2.3.1\jaxb-api-2.3.1.jar;E:\software\apache-maven-3.6.3\repository\javax\activation\javax.activation-api\1.2.0\javax.activation-api-1.2.0.jar;E:\software\apache-maven-3.6.3\repository\org\springframework\boot\spring-boot-starter-web\2.1.8.RELEASE\spring-boot-starter-web-2.1.8.RELEASE.jar;E:\software\apache-maven-3.6.3\repository\org\springframework\boot\spring-boot-starter-json\2.1.8.RELEASE\spring-boot-starter-json-2.1.8.RELEASE.jar;E:\software\apache-maven-3.6.3\repository\com\fasterxml\jackson\core\jackson-databind\2.9.9.3\jackson-databind-2.9.9.3.jar;E:\software\apache-maven-3.6.3\repository\com\fasterxml\jackson\core\jackson-annotations\2.9.0\jackson-annotations-2.9.0.jar;E:\software\apache-maven-3.6.3\repository\com\fasterxml\jackson\core\jackson-core\2.9.9\jackson-core-2.9.9.jar;E:\software\apache-maven-3.6.3\repository\com\fasterxml\jackson\datatype\jackson-datatype-jdk8\2.9.9\jackson-datatype-jdk8-2.9.9.jar;E:\software\apache-maven-3.6.3\repository\com\fasterxml\jackson\datatype\jackson-datatype-jsr310\2.9.9\jackson-datatype-jsr310-2.9.9.jar;E:\software\apache-maven-3.6.3\repository\com\fasterxml\jackson\module\jackson-module-parameter-names\2.9.9\jackson-module-parameter-names-2.9.9.jar;E:\software\apache-maven-3.6.3\repository\org\springframework\boot\spring-boot-starter-tomcat\2.1.8.RELEASE\spring-boot-starter-tomcat-2.1.8.RELEASE.jar;E:\software\apache-maven-3.6.3\repository\org\apache\tomcat\embed\tomcat-embed-core\9.0.24\tomcat-embed-core-9.0.24.jar;E:\software\apache-maven-3.6.3\repository\org\apache\tomcat\embed\tomcat-embed-el\9.0.24\tomcat-embed-el-9.0.24.jar;E:\software\apache-maven-3.6.3\repository\org\apache\tomcat\embed\tomcat-embed-websocket\9.0.24\tomcat-embed-websocket-9.0.24.jar;E:\software\apache-maven-3.6.3\repository\org\hibernate\validator\hibernate-validator\6.0.17.Final\hibernate-validator-6.0.17.Final.jar;E:\software\apache-maven-3.6.3\repository\javax\validation\validation-api\2.0.1.Final\validation-api-2.0.1.Final.jar;E:\software\apache-maven-3.6.3\repository\org\jboss\logging\jboss-logging\3.3.3.Final\jboss-logging-3.3.3.Final.jar;E:\software\apache-maven-3.6.3\repository\com\fasterxml\classmate\1.4.0\classmate-1.4.0.jar;E:\software\apache-maven-3.6.3\repository\org\springframework\spring-web\5.1.9.RELEASE\spring-web-5.1.9.RELEASE.jar;E:\software\apache-maven-3.6.3\repository\org\springframework\spring-beans\5.1.9.RELEASE\spring-beans-5.1.9.RELEASE.jar;E:\software\apache-maven-3.6.3\repository\org\springframework\spring-webmvc\5.1.9.RELEASE\spring-webmvc-5.1.9.RELEASE.jar;E:\software\apache-maven-3.6.3\repository\org\springframework\spring-aop\5.1.9.RELEASE\spring-aop-5.1.9.RELEASE.jar;E:\software\apache-maven-3.6.3\repository\org\springframework\spring-context\5.1.9.RELEASE\spring-context-5.1.9.RELEASE.jar;E:\software\apache-maven-3.6.3\repository\org\springframework\spring-expression\5.1.9.RELEASE\spring-expression-5.1.9.RELEASE.jar;E:\software\apache-maven-3.6.3\repository\com\baomidou\mybatis-plus-boot-starter\3.3.1\mybatis-plus-boot-starter-3.3.1.jar;E:\software\apache-maven-3.6.3\repository\com\baomidou\mybatis-plus\3.3.1\mybatis-plus-3.3.1.jar;E:\software\apache-maven-3.6.3\repository\com\baomidou\mybatis-plus-extension\3.3.1\mybatis-plus-extension-3.3.1.jar;E:\software\apache-maven-3.6.3\repository\com\baomidou\mybatis-plus-core\3.3.1\mybatis-plus-core-3.3.1.jar;E:\software\apache-maven-3.6.3\repository\com\baomidou\mybatis-plus-annotation\3.3.1\mybatis-plus-annotation-3.3.1.jar;E:\software\apache-maven-3.6.3\repository\org\mybatis\mybatis\3.5.3\mybatis-3.5.3.jar;E:\software\apache-maven-3.6.3\repository\org\mybatis\mybatis-spring\2.0.3\mybatis-spring-2.0.3.jar;E:\software\apache-maven-3.6.3\repository\org\springframework\boot\spring-boot-autoconfigure\2.1.8.RELEASE\spring-boot-autoconfigure-2.1.8.RELEASE.jar;E:\software\apache-maven-3.6.3\repository\org\springframework\boot\spring-boot-starter-jdbc\2.1.8.RELEASE\spring-boot-starter-jdbc-2.1.8.RELEASE.jar;E:\software\apache-maven-3.6.3\repository\com\zaxxer\HikariCP\3.2.0\HikariCP-3.2.0.jar;E:\software\apache-maven-3.6.3\repository\org\springframework\spring-jdbc\5.1.9.RELEASE\spring-jdbc-5.1.9.RELEASE.jar;E:\software\apache-maven-3.6.3\repository\org\springframework\spring-tx\5.1.9.RELEASE\spring-tx-5.1.9.RELEASE.jar;E:\software\apache-maven-3.6.3\repository\com\alibaba\druid\1.1.13\druid-1.1.13.jar;E:\software\apache-maven-3.6.3\repository\commons-lang\commons-lang\2.6\commons-lang-2.6.jar;E:\software\apache-maven-3.6.3\repository\commons-io\commons-io\2.5\commons-io-2.5.jar;E:\software\apache-maven-3.6.3\repository\commons-configuration\commons-configuration\1.10\commons-configuration-1.10.jar;E:\software\apache-maven-3.6.3\repository\commons-logging\commons-logging\1.1.1\commons-logging-1.1.1.jar;E:\software\apache-maven-3.6.3\repository\com\alibaba\fastjson\1.2.60\fastjson-1.2.60.jar;E:\software\apache-maven-3.6.3\repository\org\apache\velocity\velocity\1.7\velocity-1.7.jar;E:\software\apache-maven-3.6.3\repository\commons-collections\commons-collections\3.2.1\commons-collections-3.2.1.jar;E:\software\apache-maven-3.6.3\repository\com\github\pagehelper\pagehelper-spring-boot-starter\1.2.5\pagehelper-spring-boot-starter-1.2.5.jar;E:\software\apache-maven-3.6.3\repository\org\mybatis\spring\boot\mybatis-spring-boot-starter\1.3.2\mybatis-spring-boot-starter-1.3.2.jar;E:\software\apache-maven-3.6.3\repository\org\mybatis\spring\boot\mybatis-spring-boot-autoconfigure\1.3.2\mybatis-spring-boot-autoconfigure-1.3.2.jar;E:\software\apache-maven-3.6.3\repository\com\github\pagehelper\pagehelper-spring-boot-autoconfigure\1.2.5\pagehelper-spring-boot-autoconfigure-1.2.5.jar;E:\software\apache-maven-3.6.3\repository\com\github\pagehelper\pagehelper\5.1.4\pagehelper-5.1.4.jar;E:\software\apache-maven-3.6.3\repository\com\github\jsqlparser\jsqlparser\1.0\jsqlparser-1.0.jar;E:\software\apache-maven-3.6.3\repository\mysql\mysql-connector-java\8.0.17\mysql-connector-java-8.0.17.jar;E:\software\apache-maven-3.6.3\repository\com\oracle\ojdbc6\11.2.0.3\ojdbc6-11.2.0.3.jar;E:\software\apache-maven-3.6.3\repository\com\microsoft\sqlserver\sqljdbc4\4.0\sqljdbc4-4.0.jar;E:\software\apache-maven-3.6.3\repository\org\postgresql\postgresql\42.2.6\postgresql-42.2.6.jar;E:\software\apache-maven-3.6.3\repository\org\mongodb\mongo-java-driver\3.11.0\mongo-java-driver-3.11.0.jar;"/>
    <property name="java.vm.vendor" value="Oracle Corporation"/>
    <property name="sun.arch.data.model" value="64"/>
    <property name="user.variant" value=""/>
    <property name="java.vendor.url" value="https://openjdk.java.net/"/>
    <property name="user.timezone" value="Asia/Shanghai"/>
    <property name="java.vm.specification.version" value="11"/>
    <property name="os.name" value="Windows 10"/>
    <property name="sun.java.launcher" value="SUN_STANDARD"/>
    <property name="user.country" value="CN"/>
    <property name="sun.boot.library.path" value="C:\Program Files\Java\jdk-11\bin"/>
    <property name="sun.java.command" value="C:\Users\21176\AppData\Local\Temp\surefire8347282999557063828\surefirebooter7863038574546968100.jar C:\Users\21176\AppData\Local\Temp\surefire8347282999557063828 2024-06-09T14-54-18_504-jvmRun1 surefire3038489641791501899tmp surefire_015585372662812168148tmp"/>
    <property name="jdk.debug" value="release"/>
    <property name="surefire.test.class.path" value="C:\Users\21176\Desktop\living-project\wjw-living\renren-generator\target\test-classes;C:\Users\21176\Desktop\living-project\wjw-living\renren-generator\target\classes;E:\software\apache-maven-3.6.3\repository\org\springframework\boot\spring-boot-starter-test\2.1.8.RELEASE\spring-boot-starter-test-2.1.8.RELEASE.jar;E:\software\apache-maven-3.6.3\repository\org\springframework\boot\spring-boot-starter\2.1.8.RELEASE\spring-boot-starter-2.1.8.RELEASE.jar;E:\software\apache-maven-3.6.3\repository\org\springframework\boot\spring-boot\2.1.8.RELEASE\spring-boot-2.1.8.RELEASE.jar;E:\software\apache-maven-3.6.3\repository\org\springframework\boot\spring-boot-starter-logging\2.1.8.RELEASE\spring-boot-starter-logging-2.1.8.RELEASE.jar;E:\software\apache-maven-3.6.3\repository\ch\qos\logback\logback-classic\1.2.3\logback-classic-1.2.3.jar;E:\software\apache-maven-3.6.3\repository\ch\qos\logback\logback-core\1.2.3\logback-core-1.2.3.jar;E:\software\apache-maven-3.6.3\repository\org\apache\logging\log4j\log4j-to-slf4j\2.11.2\log4j-to-slf4j-2.11.2.jar;E:\software\apache-maven-3.6.3\repository\org\apache\logging\log4j\log4j-api\2.11.2\log4j-api-2.11.2.jar;E:\software\apache-maven-3.6.3\repository\org\slf4j\jul-to-slf4j\1.7.28\jul-to-slf4j-1.7.28.jar;E:\software\apache-maven-3.6.3\repository\javax\annotation\javax.annotation-api\1.3.2\javax.annotation-api-1.3.2.jar;E:\software\apache-maven-3.6.3\repository\org\yaml\snakeyaml\1.23\snakeyaml-1.23.jar;E:\software\apache-maven-3.6.3\repository\org\springframework\boot\spring-boot-test\2.1.8.RELEASE\spring-boot-test-2.1.8.RELEASE.jar;E:\software\apache-maven-3.6.3\repository\org\springframework\boot\spring-boot-test-autoconfigure\2.1.8.RELEASE\spring-boot-test-autoconfigure-2.1.8.RELEASE.jar;E:\software\apache-maven-3.6.3\repository\com\jayway\jsonpath\json-path\2.4.0\json-path-2.4.0.jar;E:\software\apache-maven-3.6.3\repository\net\minidev\json-smart\2.3\json-smart-2.3.jar;E:\software\apache-maven-3.6.3\repository\net\minidev\accessors-smart\1.2\accessors-smart-1.2.jar;E:\software\apache-maven-3.6.3\repository\org\ow2\asm\asm\5.0.4\asm-5.0.4.jar;E:\software\apache-maven-3.6.3\repository\org\slf4j\slf4j-api\1.7.28\slf4j-api-1.7.28.jar;E:\software\apache-maven-3.6.3\repository\junit\junit\4.12\junit-4.12.jar;E:\software\apache-maven-3.6.3\repository\org\assertj\assertj-core\3.11.1\assertj-core-3.11.1.jar;E:\software\apache-maven-3.6.3\repository\org\mockito\mockito-core\2.23.4\mockito-core-2.23.4.jar;E:\software\apache-maven-3.6.3\repository\net\bytebuddy\byte-buddy\1.9.16\byte-buddy-1.9.16.jar;E:\software\apache-maven-3.6.3\repository\net\bytebuddy\byte-buddy-agent\1.9.16\byte-buddy-agent-1.9.16.jar;E:\software\apache-maven-3.6.3\repository\org\objenesis\objenesis\2.6\objenesis-2.6.jar;E:\software\apache-maven-3.6.3\repository\org\hamcrest\hamcrest-core\1.3\hamcrest-core-1.3.jar;E:\software\apache-maven-3.6.3\repository\org\hamcrest\hamcrest-library\1.3\hamcrest-library-1.3.jar;E:\software\apache-maven-3.6.3\repository\org\skyscreamer\jsonassert\1.5.0\jsonassert-1.5.0.jar;E:\software\apache-maven-3.6.3\repository\com\vaadin\external\google\android-json\0.0.20131108.vaadin1\android-json-0.0.20131108.vaadin1.jar;E:\software\apache-maven-3.6.3\repository\org\springframework\spring-core\5.1.9.RELEASE\spring-core-5.1.9.RELEASE.jar;E:\software\apache-maven-3.6.3\repository\org\springframework\spring-jcl\5.1.9.RELEASE\spring-jcl-5.1.9.RELEASE.jar;E:\software\apache-maven-3.6.3\repository\org\springframework\spring-test\5.1.9.RELEASE\spring-test-5.1.9.RELEASE.jar;E:\software\apache-maven-3.6.3\repository\org\xmlunit\xmlunit-core\2.6.3\xmlunit-core-2.6.3.jar;E:\software\apache-maven-3.6.3\repository\javax\xml\bind\jaxb-api\2.3.1\jaxb-api-2.3.1.jar;E:\software\apache-maven-3.6.3\repository\javax\activation\javax.activation-api\1.2.0\javax.activation-api-1.2.0.jar;E:\software\apache-maven-3.6.3\repository\org\springframework\boot\spring-boot-starter-web\2.1.8.RELEASE\spring-boot-starter-web-2.1.8.RELEASE.jar;E:\software\apache-maven-3.6.3\repository\org\springframework\boot\spring-boot-starter-json\2.1.8.RELEASE\spring-boot-starter-json-2.1.8.RELEASE.jar;E:\software\apache-maven-3.6.3\repository\com\fasterxml\jackson\core\jackson-databind\2.9.9.3\jackson-databind-2.9.9.3.jar;E:\software\apache-maven-3.6.3\repository\com\fasterxml\jackson\core\jackson-annotations\2.9.0\jackson-annotations-2.9.0.jar;E:\software\apache-maven-3.6.3\repository\com\fasterxml\jackson\core\jackson-core\2.9.9\jackson-core-2.9.9.jar;E:\software\apache-maven-3.6.3\repository\com\fasterxml\jackson\datatype\jackson-datatype-jdk8\2.9.9\jackson-datatype-jdk8-2.9.9.jar;E:\software\apache-maven-3.6.3\repository\com\fasterxml\jackson\datatype\jackson-datatype-jsr310\2.9.9\jackson-datatype-jsr310-2.9.9.jar;E:\software\apache-maven-3.6.3\repository\com\fasterxml\jackson\module\jackson-module-parameter-names\2.9.9\jackson-module-parameter-names-2.9.9.jar;E:\software\apache-maven-3.6.3\repository\org\springframework\boot\spring-boot-starter-tomcat\2.1.8.RELEASE\spring-boot-starter-tomcat-2.1.8.RELEASE.jar;E:\software\apache-maven-3.6.3\repository\org\apache\tomcat\embed\tomcat-embed-core\9.0.24\tomcat-embed-core-9.0.24.jar;E:\software\apache-maven-3.6.3\repository\org\apache\tomcat\embed\tomcat-embed-el\9.0.24\tomcat-embed-el-9.0.24.jar;E:\software\apache-maven-3.6.3\repository\org\apache\tomcat\embed\tomcat-embed-websocket\9.0.24\tomcat-embed-websocket-9.0.24.jar;E:\software\apache-maven-3.6.3\repository\org\hibernate\validator\hibernate-validator\6.0.17.Final\hibernate-validator-6.0.17.Final.jar;E:\software\apache-maven-3.6.3\repository\javax\validation\validation-api\2.0.1.Final\validation-api-2.0.1.Final.jar;E:\software\apache-maven-3.6.3\repository\org\jboss\logging\jboss-logging\3.3.3.Final\jboss-logging-3.3.3.Final.jar;E:\software\apache-maven-3.6.3\repository\com\fasterxml\classmate\1.4.0\classmate-1.4.0.jar;E:\software\apache-maven-3.6.3\repository\org\springframework\spring-web\5.1.9.RELEASE\spring-web-5.1.9.RELEASE.jar;E:\software\apache-maven-3.6.3\repository\org\springframework\spring-beans\5.1.9.RELEASE\spring-beans-5.1.9.RELEASE.jar;E:\software\apache-maven-3.6.3\repository\org\springframework\spring-webmvc\5.1.9.RELEASE\spring-webmvc-5.1.9.RELEASE.jar;E:\software\apache-maven-3.6.3\repository\org\springframework\spring-aop\5.1.9.RELEASE\spring-aop-5.1.9.RELEASE.jar;E:\software\apache-maven-3.6.3\repository\org\springframework\spring-context\5.1.9.RELEASE\spring-context-5.1.9.RELEASE.jar;E:\software\apache-maven-3.6.3\repository\org\springframework\spring-expression\5.1.9.RELEASE\spring-expression-5.1.9.RELEASE.jar;E:\software\apache-maven-3.6.3\repository\com\baomidou\mybatis-plus-boot-starter\3.3.1\mybatis-plus-boot-starter-3.3.1.jar;E:\software\apache-maven-3.6.3\repository\com\baomidou\mybatis-plus\3.3.1\mybatis-plus-3.3.1.jar;E:\software\apache-maven-3.6.3\repository\com\baomidou\mybatis-plus-extension\3.3.1\mybatis-plus-extension-3.3.1.jar;E:\software\apache-maven-3.6.3\repository\com\baomidou\mybatis-plus-core\3.3.1\mybatis-plus-core-3.3.1.jar;E:\software\apache-maven-3.6.3\repository\com\baomidou\mybatis-plus-annotation\3.3.1\mybatis-plus-annotation-3.3.1.jar;E:\software\apache-maven-3.6.3\repository\org\mybatis\mybatis\3.5.3\mybatis-3.5.3.jar;E:\software\apache-maven-3.6.3\repository\org\mybatis\mybatis-spring\2.0.3\mybatis-spring-2.0.3.jar;E:\software\apache-maven-3.6.3\repository\org\springframework\boot\spring-boot-autoconfigure\2.1.8.RELEASE\spring-boot-autoconfigure-2.1.8.RELEASE.jar;E:\software\apache-maven-3.6.3\repository\org\springframework\boot\spring-boot-starter-jdbc\2.1.8.RELEASE\spring-boot-starter-jdbc-2.1.8.RELEASE.jar;E:\software\apache-maven-3.6.3\repository\com\zaxxer\HikariCP\3.2.0\HikariCP-3.2.0.jar;E:\software\apache-maven-3.6.3\repository\org\springframework\spring-jdbc\5.1.9.RELEASE\spring-jdbc-5.1.9.RELEASE.jar;E:\software\apache-maven-3.6.3\repository\org\springframework\spring-tx\5.1.9.RELEASE\spring-tx-5.1.9.RELEASE.jar;E:\software\apache-maven-3.6.3\repository\com\alibaba\druid\1.1.13\druid-1.1.13.jar;E:\software\apache-maven-3.6.3\repository\commons-lang\commons-lang\2.6\commons-lang-2.6.jar;E:\software\apache-maven-3.6.3\repository\commons-io\commons-io\2.5\commons-io-2.5.jar;E:\software\apache-maven-3.6.3\repository\commons-configuration\commons-configuration\1.10\commons-configuration-1.10.jar;E:\software\apache-maven-3.6.3\repository\commons-logging\commons-logging\1.1.1\commons-logging-1.1.1.jar;E:\software\apache-maven-3.6.3\repository\com\alibaba\fastjson\1.2.60\fastjson-1.2.60.jar;E:\software\apache-maven-3.6.3\repository\org\apache\velocity\velocity\1.7\velocity-1.7.jar;E:\software\apache-maven-3.6.3\repository\commons-collections\commons-collections\3.2.1\commons-collections-3.2.1.jar;E:\software\apache-maven-3.6.3\repository\com\github\pagehelper\pagehelper-spring-boot-starter\1.2.5\pagehelper-spring-boot-starter-1.2.5.jar;E:\software\apache-maven-3.6.3\repository\org\mybatis\spring\boot\mybatis-spring-boot-starter\1.3.2\mybatis-spring-boot-starter-1.3.2.jar;E:\software\apache-maven-3.6.3\repository\org\mybatis\spring\boot\mybatis-spring-boot-autoconfigure\1.3.2\mybatis-spring-boot-autoconfigure-1.3.2.jar;E:\software\apache-maven-3.6.3\repository\com\github\pagehelper\pagehelper-spring-boot-autoconfigure\1.2.5\pagehelper-spring-boot-autoconfigure-1.2.5.jar;E:\software\apache-maven-3.6.3\repository\com\github\pagehelper\pagehelper\5.1.4\pagehelper-5.1.4.jar;E:\software\apache-maven-3.6.3\repository\com\github\jsqlparser\jsqlparser\1.0\jsqlparser-1.0.jar;E:\software\apache-maven-3.6.3\repository\mysql\mysql-connector-java\8.0.17\mysql-connector-java-8.0.17.jar;E:\software\apache-maven-3.6.3\repository\com\oracle\ojdbc6\11.2.0.3\ojdbc6-11.2.0.3.jar;E:\software\apache-maven-3.6.3\repository\com\microsoft\sqlserver\sqljdbc4\4.0\sqljdbc4-4.0.jar;E:\software\apache-maven-3.6.3\repository\org\postgresql\postgresql\42.2.6\postgresql-42.2.6.jar;E:\software\apache-maven-3.6.3\repository\org\mongodb\mongo-java-driver\3.11.0\mongo-java-driver-3.11.0.jar;"/>
    <property name="sun.cpu.endian" value="little"/>
    <property name="user.home" value="C:\Users\21176"/>
    <property name="user.language" value="zh"/>
    <property name="java.specification.vendor" value="Oracle Corporation"/>
    <property name="java.version.date" value="2024-01-16"/>
    <property name="java.home" value="C:\Program Files\Java\jdk-11"/>
    <property name="file.separator" value="\"/>
    <property name="basedir" value="C:\Users\21176\Desktop\living-project\wjw-living\renren-generator"/>
    <property name="java.vm.compressedOopsMode" value="Zero based"/>
    <property name="line.separator" value="&#10;"/>
    <property name="java.specification.name" value="Java Platform API Specification"/>
    <property name="java.vm.specification.vendor" value="Oracle Corporation"/>
    <property name="java.awt.graphicsenv" value="sun.awt.Win32GraphicsEnvironment"/>
    <property name="surefire.real.class.path" value="C:\Users\21176\AppData\Local\Temp\surefire8347282999557063828\surefirebooter7863038574546968100.jar"/>
    <property name="user.script" value=""/>
    <property name="sun.management.compiler" value="HotSpot 64-Bit Tiered Compilers"/>
    <property name="java.runtime.version" value="11.0.22+9-LTS-219"/>
    <property name="user.name" value="21176"/>
    <property name="path.separator" value=";"/>
    <property name="os.version" value="10.0"/>
    <property name="java.runtime.name" value="Java(TM) SE Runtime Environment"/>
    <property name="file.encoding" value="GBK"/>
    <property name="java.vm.name" value="Java HotSpot(TM) 64-Bit Server VM"/>
    <property name="java.vendor.version" value="18.9"/>
    <property name="localRepository" value="E:\software\apache-maven-3.6.3\repository"/>
    <property name="java.vendor.url.bug" value="https://bugreport.java.com/bugreport/"/>
    <property name="java.io.tmpdir" value="C:\Users\21176\AppData\Local\Temp\"/>
    <property name="idea.version" value="2021.1.1"/>
    <property name="java.version" value="11.0.22"/>
    <property name="user.dir" value="C:\Users\21176\Desktop\living-project\wjw-living\renren-generator"/>
    <property name="os.arch" value="amd64"/>
    <property name="java.vm.specification.name" value="Java Virtual Machine Specification"/>
    <property name="java.awt.printerjob" value="sun.awt.windows.WPrinterJob"/>
    <property name="sun.os.patch.level" value=""/>
    <property name="java.library.path" value="C:\Program Files\Java\jdk-11\bin;C:\WINDOWS\Sun\Java\bin;C:\WINDOWS\system32;C:\WINDOWS;E:\software\vmware\bin\;C:\Program Files (x86)\Intel\Intel(R) Management Engine Components\iCLS\;C:\Program Files\Intel\Intel(R) Management Engine Components\iCLS\;C:\Program Files\Java\jdk-1.8\bin;C:\Program Files\Common Files\Oracle\Java\javapath;C:\WINDOWS\system32;C:\WINDOWS;C:\WINDOWS\System32\Wbem;C:\WINDOWS\System32\WindowsPowerShell\v1.0\;C:\WINDOWS\System32\OpenSSH\;C:\wjwbin;E:\software\apache-maven-3.6.3\bin;C:\Program Files\Git\cmd;E:\software\nvm;C:\Program Files\nodejs;C:\Program Files (x86)\Intel\Intel(R) Management Engine Components\DAL;C:\Program Files\Intel\Intel(R) Management Engine Components\DAL;C:\Program Files (x86)\Intel\Intel(R) Management Engine Components\IPT;C:\Program Files\Intel\Intel(R) Management Engine Components\IPT;C:\Program Files (x86)\NVIDIA Corporation\PhysX\Common;E:\software\mysql-8.0.31-winx64\bin;C:\HashiCorp\Vagrant\bin;C:\Users\21176\AppData\Local\Microsoft\WindowsApps;E:\software\Microsoft VS Code\bin;E:\software\nvm;C:\Program Files\nodejs;."/>
    <property name="java.vendor" value="Oracle Corporation"/>
    <property name="java.vm.info" value="mixed mode"/>
    <property name="java.vm.version" value="11.0.22+9-LTS-219"/>
    <property name="java.specification.maintenance.version" value="2"/>
    <property name="sun.io.unicode.encoding" value="UnicodeLittle"/>
    <property name="maven.repo.local" value="E:\software\apache-maven-3.6.3\repository"/>
    <property name="java.class.version" value="55.0"/>
  </properties>
  <testcase name="contextLoads" classname="io.renren.RenrenApplicationTests" time="0.365"/>
</testsuite>